0 info it worked if it ends with ok
1 verbose cli [ 'C:\\Program Files (x86)\\nodejs\\\\node.exe',
1 verbose cli   'C:\\Program Files (x86)\\nodejs\\node_modules\\npm\\bin\\npm-cli.js',
1 verbose cli   'install',
1 verbose cli   './mim.js' ]
2 info using npm@1.3.24
3 info using node@v0.10.25
4 verbose node symlink C:\Program Files (x86)\nodejs\\node.exe
5 verbose cache add [ './mim.js', null ]
6 verbose cache add name=undefined spec="./mim.js" args=["./mim.js",null]
7 verbose parsed url { protocol: null,
7 verbose parsed url   slashes: null,
7 verbose parsed url   auth: null,
7 verbose parsed url   host: null,
7 verbose parsed url   port: null,
7 verbose parsed url   hostname: null,
7 verbose parsed url   hash: null,
7 verbose parsed url   search: null,
7 verbose parsed url   query: null,
7 verbose parsed url   pathname: './mim.js',
7 verbose parsed url   path: './mim.js',
7 verbose parsed url   href: './mim.js' }
8 silly lockFile d0c8014d-mim-js ./mim.js
9 verbose lock ./mim.js C:\Users\Eric\AppData\Roaming\npm-cache\d0c8014d-mim-js.lock
10 verbose chmod C:\Users\Eric\AppData\Local\Temp\npm-9676-PosBeNXu\1393277685752-0.6069255596958101\tmp.tgz 644
11 verbose tar unpack C:\Users\Eric\AppData\Local\Temp\npm-9676-PosBeNXu\1393277685752-0.6069255596958101\tmp.tgz
12 silly lockFile d5770b1f-85752-0-6069255596958101-package tar://C:\Users\Eric\AppData\Local\Temp\npm-9676-PosBeNXu\1393277685752-0.6069255596958101\package
13 verbose lock tar://C:\Users\Eric\AppData\Local\Temp\npm-9676-PosBeNXu\1393277685752-0.6069255596958101\package C:\Users\Eric\AppData\Roaming\npm-cache\d5770b1f-85752-0-6069255596958101-package.lock
14 silly lockFile 5c0a0feb-85752-0-6069255596958101-tmp-tgz tar://C:\Users\Eric\AppData\Local\Temp\npm-9676-PosBeNXu\1393277685752-0.6069255596958101\tmp.tgz
15 verbose lock tar://C:\Users\Eric\AppData\Local\Temp\npm-9676-PosBeNXu\1393277685752-0.6069255596958101\tmp.tgz C:\Users\Eric\AppData\Roaming\npm-cache\5c0a0feb-85752-0-6069255596958101-tmp-tgz.lock
16 silly gunzTarPerm modes [ '755', '644' ]
17 error not a package C:\Users\Eric\AppData\Local\Temp\npm-9676-PosBeNXu\1393277685752-0.6069255596958101\tmp.tgz
18 silly lockFile d5770b1f-85752-0-6069255596958101-package tar://C:\Users\Eric\AppData\Local\Temp\npm-9676-PosBeNXu\1393277685752-0.6069255596958101\package
19 silly lockFile d5770b1f-85752-0-6069255596958101-package tar://C:\Users\Eric\AppData\Local\Temp\npm-9676-PosBeNXu\1393277685752-0.6069255596958101\package
20 silly lockFile 5c0a0feb-85752-0-6069255596958101-tmp-tgz tar://C:\Users\Eric\AppData\Local\Temp\npm-9676-PosBeNXu\1393277685752-0.6069255596958101\tmp.tgz
21 silly lockFile 5c0a0feb-85752-0-6069255596958101-tmp-tgz tar://C:\Users\Eric\AppData\Local\Temp\npm-9676-PosBeNXu\1393277685752-0.6069255596958101\tmp.tgz
22 silly lockFile d0c8014d-mim-js ./mim.js
23 silly lockFile d0c8014d-mim-js ./mim.js
24 error addLocal Could not install ./mim.js
25 error Error: ENOENT, open 'C:\Users\Eric\AppData\Local\Temp\npm-9676-PosBeNXu\1393277685752-0.6069255596958101\package\package.json'
26 error If you need help, you may report this *entire* log,
26 error including the npm and node versions, at:
26 error     <http://github.com/isaacs/npm/issues>
27 error System Windows_NT 6.2.9200
28 error command "C:\\Program Files (x86)\\nodejs\\\\node.exe" "C:\\Program Files (x86)\\nodejs\\node_modules\\npm\\bin\\npm-cli.js" "install" "./mim.js"
29 error cwd C:\Users\Eric\Documents\GitHub\ekns\baby_steps
30 error node -v v0.10.25
31 error npm -v 1.3.24
32 error path C:\Users\Eric\AppData\Local\Temp\npm-9676-PosBeNXu\1393277685752-0.6069255596958101\package\package.json
33 error code ENOENT
34 error errno 34
35 verbose exit [ 34, true ]
